#
# A fatal error has been detected by the Java Runtime Environment:
#
#  SIGSEGV (0xb) at pc=0x0000000111b0258d, pid=16883, tid=2059
#
# JRE version: Java(TM) SE Runtime Environment (8.0_45-b14) (build 1.8.0_45-b14)
# Java VM: Java HotSpot(TM) 64-Bit Server VM (25.45-b02 mixed mode bsd-amd64 compressed oops)
# Problematic frame:
# C  [libglass.dylib+0x1558d]  GlassScreenDidChangeScreenParameters+0x9d
#
# Failed to write core dump. Core dumps have been disabled. To enable core dumping, try "ulimit -c unlimited" before starting Java again
#
# If you would like to submit a bug report, please visit:
#   http://bugreport.java.com/bugreport/crash.jsp
#

---------------  T H R E A D  ---------------

Current thread is native thread

siginfo: si_signo: 11 (SIGSEGV), si_code: 1 (SEGV_MAPERR), si_addr: 0x0000000000000000

Registers:
RAX=0x0000000111b34bc0, RBX=0x0000000000000000, RCX=0x0000000000000103, RDX=0x00007ffb34eb1168
RSP=0x00007fff587e7ad0, RBP=0x00007fff587e7ae0, RSI=0x00007ffb34e0ef90, RDI=0x0000000000000000
R8 =0x0000000000000040, R9 =0x00007fffe1a8c040, R10=0xffffffffffffffff, R11=0x0000000000012068
R12=0x0000000000000000, R13=0x00007ffb34eb0f50, R14=0x00007ffb34c81a00, R15=0x0000000000000000
RIP=0x0000000111b0258d, EFLAGS=0x0000000000010202, ERR=0x0000000000000004
  TRAPNO=0x000000000000000e

Top of Stack: (sp=0x00007fff587e7ad0)
0x00007fff587e7ad0:   00007ffb34eb1010 00007ffb34c81a00
0x00007fff587e7ae0:   00007fff587e7af0 00007fffc3ce86ac
0x00007fff587e7af0:   00007fff587e7b60 00007fffc3ce85ab
0x00007fff587e7b00:   0000000107435400 00007fffe1a87060
0x00007fff587e7b10:   00000000c2000000 00007fffc3ce8600
0x00007fff587e7b20:   00007fffde47e680 00007ffb34eb0f50
0x00007fff587e7b30:   00007ffb34c81a00 00007fff587e82d8
0x00007fff587e7b40:   00007fff587e7c20 00007fffd84bab40
0x00007fff587e7b50:   00007ffb34eb0f50 00007fffc249f9f2
0x00007fff587e7b60:   00007fff587e7ba0 00007fffc3ce8312
0x00007fff587e7b70:   00007fff587e8160 0000000000000000
0x00007fff587e7b80:   00007fff587e7c20 00007fffd84bab40
0x00007fff587e7b90:   00007fff587e82d8 00007fffc249f9f2
0x00007fff587e7ba0:   00007fff587e8290 00007fffc3ca6a32
0x00007fff587e7bb0:   0000000000000190 01ffffffde478b01
0x00007fff587e7bc0:   00007ffb34c06ec0 00007fffde47fcb0
0x00007fff587e7bd0:   0000000000000000 00007ffb369d1048
0x00007fff587e7be0:   00007ffb34c06e01 00007ffb34c167d0
0x00007fff587e7bf0:   00007fffde5b1f10 0000000000000000
0x00007fff587e7c00:   00007ffb34eb1040 0000000000000000
0x00007fff587e7c10:   0000000000000000 00007fffde4be860
0x00007fff587e7c20:   00007fff587e8160 0000000000000001
0x00007fff587e7c30:   0000000000000100 00007fffc3ca1b00
0x00007fff587e7c40:   00007fff587e8060 0000000000000000
0x00007fff587e7c50:   0000000000000100 00007fffde4bfd00
0x00007fff587e7c60:   00007ffb34f00130 0000000000000001
0x00007fff587e7c70:   00007fff587e82c0 00007fffc3ca1609
0x00007fff587e7c80:   00007fff587e7d60 00007ffb34c63410
0x00007fff587e7c90:   00007fff587e7d30 00007fffc324aa0f
0x00007fff587e7ca0:   0000000000000320 0000000000000001
0x00007fff587e7cb0:   0000000000000190 0000000000000002
0x00007fff587e7cc0:   00007fff587e7d50 00007fffd8f3d4fc 

Instructions: (pc=0x0000000111b0258d)
0x0000000111b0256d:   89 df 4c 89 f1 41 ff 90 68 04 00 00 48 8d 05 48
0x0000000111b0257d:   25 03 00 48 8b 30 48 8d 05 36 26 03 00 48 8b 10
0x0000000111b0258d:   48 8b 0b 30 c0 48 89 df ff 91 68 04 00 00 48 8b
0x0000000111b0259d:   03 48 89 df ff 50 78 48 85 c0 74 36 49 89 c6 48 

Register to memory mapping:

RAX=0x0000000111b34bc0: jScreenNotifySettingsChanged+0 in /Library/Java/JavaVirtualMachines/jdk1.8.0_45.jdk/Contents/Home/jre/lib/libglass.dylib at 0x0000000111aed000
RBX=0x0000000000000000 is an unknown value
RCX=0x0000000000000103 is an unknown value
RDX=0x00007ffb34eb1168 is an unknown value
RSP=0x00007fff587e7ad0 is an unknown value
RBP=0x00007fff587e7ae0 is an unknown value
RSI=0x00007ffb34e0ef90 is a global jni handle
RDI=0x0000000000000000 is an unknown value
R8 =0x0000000000000040 is an unknown value
R9 =0x00007fffe1a8c040: __sFX+0x1c0 in /usr/lib/system/libsystem_c.dylib at 0x00007fffd8dd9000
R10=0xffffffffffffffff is an unknown value
R11=0x0000000000012068 is an unknown value
R12=0x0000000000000000 is an unknown value
R13=0x00007ffb34eb0f50 is an unknown value
R14=0x00007ffb34c81a00 is an unknown value
R15=0x0000000000000000 is an unknown value


Stack: [0x00007fff57feb000,0x00007fff587eb000],  sp=0x00007fff587e7ad0,  free space=8178k
Native frames: (J=compiled Java code, j=interpreted, Vv=VM code, C=native code)
C  [libglass.dylib+0x1558d]  GlassScreenDidChangeScreenParameters+0x9d
C  [CoreFoundation+0x9a6ac]  __CFNOTIFICATIONCENTER_IS_CALLING_OUT_TO_AN_OBSERVER__+0xc
C  [CoreFoundation+0x9a5ab]  _CFXRegistrationPost+0x1ab
C  [CoreFoundation+0x9a312]  ___CFXNotificationPost_block_invoke+0x32
C  [CoreFoundation+0x58a32]  -[_CFXNotificationRegistrar find:object:observer:enumerator:]+0x7e2
C  [CoreFoundation+0x57a1b]  _CFXNotificationPost+0x29b
C  [Foundation+0x70e3]  -[NSNotificationCenter postNotificationName:object:userInfo:]+0x42
C  [AppKit+0x3f0914]  -[NSApplication _reactToScreenInvalidationImmediately:]+0x18f
C  [AppKit+0x3f0751]  __44-[NSApplication _reactToScreenInvalidation:]_block_invoke+0x3b
C  [CoreFoundation+0xa43cc]  __CFRUNLOOP_IS_CALLING_OUT_TO_A_BLOCK__+0xc
C  [CoreFoundation+0x856f4]  __CFRunLoopDoBlocks+0x164
C  [CoreFoundation+0x85236]  __CFRunLoopRun+0x766
C  [CoreFoundation+0x84874]  CFRunLoopRunSpecific+0x1a4
C  [java+0x6490]  CreateExecutionEnvironment+0x367
C  [java+0x221c]  JLI_Launch+0x7a0
C  [java+0x84ed]  main+0x65
C  [java+0x1a74]  start+0x34


---------------  P R O C E S S  ---------------

VM state:not at safepoint (normal execution)

VM Mutex/Monitor currently owned by a thread: None

Heap:
 PSYoungGen      total 38400K, used 20960K [0x0000000795580000, 0x0000000798000000, 0x00000007c0000000)
  eden space 33280K, 47% used [0x0000000795580000,0x00000007964ff868,0x0000000797600000)
  from space 5120K, 99% used [0x0000000797b00000,0x0000000797ff8af0,0x0000000798000000)
  to   space 5120K, 0% used [0x0000000797600000,0x0000000797600000,0x0000000797b00000)
 ParOldGen       total 87552K, used 5184K [0x0000000740000000, 0x0000000745580000, 0x0000000795580000)
  object space 87552K, 5% used [0x0000000740000000,0x0000000740510030,0x0000000745580000)
 Metaspace       used 18810K, capacity 19788K, committed 19968K, reserved 1067008K
  class space    used 2547K, capacity 2785K, committed 2816K, reserved 1048576K

Card table byte_map: [0x0000000109129000,0x000000010952a000] byte_map_base: 0x0000000105729000

Marking Bits: (ParMarkBitMap*) 0x00000001086c27a0
 Begin Bits: [0x00000001097d5000, 0x000000010b7d5000)
 End Bits:   [0x000000010b7d5000, 0x000000010d7d5000)

Polling page: 0x00000001074d5000

CodeCache: size=245760Kb used=8406Kb max_used=8911Kb free=237353Kb
 bounds [0x0000000112006000, 0x00000001128c6000, 0x0000000121006000]
 total_blobs=3288 nmethods=2625 adapters=576
 compilation: enabled

Compilation events (10 events):
Event: 770.903 Thread 0x00007ffb3605c800 2800       3       java.util.TaskQueue::rescheduleMin (16 bytes)
Event: 770.904 Thread 0x00007ffb3605c800 nmethod 2800 0x0000000112108950 code [0x0000000112108ac0, 0x0000000112108c88]
Event: 770.904 Thread 0x00007ffb3605c800 2801       3       java.util.TaskQueue::fixDown (108 bytes)
Event: 770.905 Thread 0x00007ffb3605c800 nmethod 2801 0x000000011218d290 code [0x000000011218d440, 0x000000011218da90]
Event: 951.017 Thread 0x00007ffb3605c800 2802   !   3       com.sun.javafx.application.PlatformImpl::runLater (100 bytes)
Event: 951.019 Thread 0x00007ffb3605c800 nmethod 2802 0x00000001122e9090 code [0x00000001122e93c0, 0x00000001122eaeb8]
Event: 957.027 Thread 0x00007ffb3605c800 2803       3       com.sun.javafx.application.PlatformImpl::runLater (6 bytes)
Event: 957.027 Thread 0x00007ffb3605c800 nmethod 2803 0x000000011212f850 code [0x000000011212f9c0, 0x000000011212fb28]
Event: 966.032 Thread 0x00007ffb3605c800 2804       3       javafx.application.Platform::runLater (5 bytes)
Event: 966.032 Thread 0x00007ffb3605c800 nmethod 2804 0x000000011216ec10 code [0x000000011216ed80, 0x000000011216ef48]

GC Heap History (4 events):
Event: 2.580 GC heap before
{Heap before GC invocations=1 (full 0):
 PSYoungGen      total 38400K, used 33280K [0x0000000795580000, 0x0000000798000000, 0x00000007c0000000)
  eden space 33280K, 100% used [0x0000000795580000,0x0000000797600000,0x0000000797600000)
  from space 5120K, 0% used [0x0000000797b00000,0x0000000797b00000,0x0000000798000000)
  to   space 5120K, 0% used [0x0000000797600000,0x0000000797600000,0x0000000797b00000)
 ParOldGen       total 87552K, used 0K [0x0000000740000000, 0x0000000745580000, 0x0000000795580000)
  object space 87552K, 0% used [0x0000000740000000,0x0000000740000000,0x0000000745580000)
 Metaspace       used 14552K, capacity 15024K, committed 15232K, reserved 1062912K
  class space    used 1993K, capacity 2125K, committed 2176K, reserved 1048576K
Event: 2.590 GC heap after
Heap after GC invocations=1 (full 0):
 PSYoungGen      total 38400K, used 4640K [0x0000000795580000, 0x0000000798000000, 0x00000007c0000000)
  eden space 33280K, 0% used [0x0000000795580000,0x0000000795580000,0x0000000797600000)
  from space 5120K, 90% used [0x0000000797600000,0x0000000797a88060,0x0000000797b00000)
  to   space 5120K, 0% used [0x0000000797b00000,0x0000000797b00000,0x0000000798000000)
 ParOldGen       total 87552K, used 80K [0x0000000740000000, 0x0000000745580000, 0x0000000795580000)
  object space 87552K, 0% used [0x0000000740000000,0x0000000740014010,0x0000000745580000)
 Metaspace       used 14552K, capacity 15024K, committed 15232K, reserved 1062912K
  class space    used 1993K, capacity 2125K, committed 2176K, reserved 1048576K
}
Event: 389.603 GC heap before
{Heap before GC invocations=2 (full 0):
 PSYoungGen      total 38400K, used 37920K [0x0000000795580000, 0x0000000798000000, 0x00000007c0000000)
  eden space 33280K, 100% used [0x0000000795580000,0x0000000797600000,0x0000000797600000)
  from space 5120K, 90% used [0x0000000797600000,0x0000000797a88060,0x0000000797b00000)
  to   space 5120K, 0% used [0x0000000797b00000,0x0000000797b00000,0x0000000798000000)
 ParOldGen       total 87552K, used 80K [0x0000000740000000, 0x0000000745580000, 0x0000000795580000)
  object space 87552K, 0% used [0x0000000740000000,0x0000000740014010,0x0000000745580000)
 Metaspace       used 18676K, capacity 19612K, committed 19712K, reserved 1067008K
  class space    used 2541K, capacity 2775K, committed 2816K, reserved 1048576K
Event: 389.615 GC heap after
Heap after GC invocations=2 (full 0):
 PSYoungGen      total 38400K, used 5090K [0x0000000795580000, 0x0000000798000000, 0x00000007c0000000)
  eden space 33280K, 0% used [0x0000000795580000,0x0000000795580000,0x0000000797600000)
  from space 5120K, 99% used [0x0000000797b00000,0x0000000797ff8af0,0x0000000798000000)
  to   space 5120K, 0% used [0x0000000797600000,0x0000000797600000,0x0000000797b00000)
 ParOldGen       total 87552K, used 5184K [0x0000000740000000, 0x0000000745580000, 0x0000000795580000)
  object space 87552K, 5% used [0x0000000740000000,0x0000000740510030,0x0000000745580000)
 Metaspace       used 18676K, capacity 19612K, committed 19712K, reserved 1067008K
  class space    used 2541K, capacity 2775K, committed 2816K, reserved 1048576K
}

Deoptimization events (10 events):
Event: 5.072 Thread 0x00007ffb369d0800 Uncommon trap: reason=class_check action=maybe_recompile pc=0x0000000112522ef4 method=javafx.scene.Node.getScene()Ljavafx/scene/Scene; @ 7
Event: 5.072 Thread 0x00007ffb369d0800 Uncommon trap: reason=class_check action=maybe_recompile pc=0x0000000112522ef4 method=javafx.scene.Node.getScene()Ljavafx/scene/Scene; @ 7
Event: 5.072 Thread 0x00007ffb369d0800 Uncommon trap: reason=class_check action=maybe_recompile pc=0x0000000112522ef4 method=javafx.scene.Node.getScene()Ljavafx/scene/Scene; @ 7
Event: 5.080 Thread 0x00007ffb369d0800 Uncommon trap: reason=array_check action=maybe_recompile pc=0x000000011253c838 method=com.sun.javafx.css.SimpleSelector.applies(Ljavafx/css/Styleable;[Ljava/util/Set;I)Z @ 37
Event: 5.080 Thread 0x00007ffb369d0800 Uncommon trap: reason=array_check action=maybe_recompile pc=0x000000011253c838 method=com.sun.javafx.css.SimpleSelector.applies(Ljavafx/css/Styleable;[Ljava/util/Set;I)Z @ 37
Event: 5.080 Thread 0x00007ffb369d0800 Uncommon trap: reason=array_check action=maybe_recompile pc=0x000000011253c838 method=com.sun.javafx.css.SimpleSelector.applies(Ljavafx/css/Styleable;[Ljava/util/Set;I)Z @ 37
Event: 5.080 Thread 0x00007ffb369d0800 Uncommon trap: reason=array_check action=maybe_recompile pc=0x000000011253c838 method=com.sun.javafx.css.SimpleSelector.applies(Ljavafx/css/Styleable;[Ljava/util/Set;I)Z @ 37
Event: 5.118 Thread 0x00007ffb369d0800 Uncommon trap: reason=array_check action=maybe_recompile pc=0x0000000112581a38 method=com.sun.javafx.css.SimpleSelector.applies(Ljavafx/css/Styleable;[Ljava/util/Set;I)Z @ 37
Event: 518.704 Thread 0x00007ffb369d0800 Uncommon trap: reason=unstable_if action=reinterpret pc=0x0000000112304254 method=java.lang.ref.SoftReference.get()Ljava/lang/Object; @ 17
Event: 757.689 Thread 0x00007ffb361b9800 Uncommon trap: reason=unstable_if action=reinterpret pc=0x0000000112785278 method=com.sun.javafx.tk.quantum.QuantumToolkit.postPulse()V @ 37

Internal exceptions (10 events):
Event: 87.697 Thread 0x00007ffb3622b000 Exception <a 'java/net/ConnectException'> (0x000000079672fa28) thrown at [/Users/java_re/workspace/8-2-build-macosx-x86_64/jdk8u45/3457/hotspot/src/share/vm/prims/jni.cpp, line 709]
Event: 88.333 Thread 0x00007ffb36a5c000 Exception <a 'java/net/ConnectException'> (0x0000000796751928) thrown at [/Users/java_re/workspace/8-2-build-macosx-x86_64/jdk8u45/3457/hotspot/src/share/vm/prims/jni.cpp, line 709]
Event: 518.704 Thread 0x00007ffb369d0800 Exception <a 'java/net/ConnectException'> (0x0000000795af91f0) thrown at [/Users/java_re/workspace/8-2-build-macosx-x86_64/jdk8u45/3457/hotspot/src/share/vm/prims/jni.cpp, line 709]
Event: 534.982 Thread 0x00007ffb369d0800 Exception <a 'java/net/ConnectException'> (0x0000000795afb5f0) thrown at [/Users/java_re/workspace/8-2-build-macosx-x86_64/jdk8u45/3457/hotspot/src/share/vm/prims/jni.cpp, line 709]
Event: 534.986 Thread 0x00007ffb369d0800 Exception <a 'java/net/ConnectException'> (0x0000000795afd0a8) thrown at [/Users/java_re/workspace/8-2-build-macosx-x86_64/jdk8u45/3457/hotspot/src/share/vm/prims/jni.cpp, line 709]
Event: 534.990 Thread 0x00007ffb369d0800 Exception <a 'java/net/ConnectException'> (0x0000000795aff140) thrown at [/Users/java_re/workspace/8-2-build-macosx-x86_64/jdk8u45/3457/hotspot/src/share/vm/prims/jni.cpp, line 709]
Event: 534.994 Thread 0x00007ffb369d0800 Exception <a 'java/net/ConnectException'> (0x0000000795b00bf8) thrown at [/Users/java_re/workspace/8-2-build-macosx-x86_64/jdk8u45/3457/hotspot/src/share/vm/prims/jni.cpp, line 709]
Event: 535.000 Thread 0x00007ffb369d0800 Exception <a 'java/net/ConnectException'> (0x0000000795b03500) thrown at [/Users/java_re/workspace/8-2-build-macosx-x86_64/jdk8u45/3457/hotspot/src/share/vm/prims/jni.cpp, line 709]
Event: 536.753 Thread 0x00007ffb369d0800 Exception <a 'java/net/ConnectException'> (0x0000000795b058f0) thrown at [/Users/java_re/workspace/8-2-build-macosx-x86_64/jdk8u45/3457/hotspot/src/share/vm/prims/jni.cpp, line 709]
Event: 539.717 Thread 0x00007ffb369d0800 Exception <a 'java/net/ConnectException'> (0x0000000795b073a8) thrown at [/Users/java_re/workspace/8-2-build-macosx-x86_64/jdk8u45/3457/hotspot/src/share/vm/prims/jni.cpp, line 709]

Events (10 events):
Event: 759.265 loading class javafx/application/Application done
Event: 759.267 loading class com/sun/javafx/tk/quantum/QuantumRenderer
Event: 759.267 loading class com/sun/javafx/tk/quantum/QuantumRenderer done
Event: 759.268 loading class com/sun/javafx/tk/quantum/QuantumToolkit
Event: 759.268 loading class com/sun/javafx/tk/quantum/QuantumToolkit done
Event: 759.268 Thread 0x00007ffb369c2800 Thread exited: 0x00007ffb369c2800
Event: 759.268 Thread 0x00007ffb36173000 Thread exited: 0x00007ffb36173000
Event: 759.268 Thread 0x00007ffb35802800 Thread exited: 0x00007ffb35802800
Event: 759.268 Thread 0x00007ffb35802800 Thread added: 0x00007ffb35802800
Event: 759.268 Thread 0x00007ffb369d0800 Thread exited: 0x00007ffb369d0800


Dynamic libraries:
0x000000004e975000 	/System/Library/Frameworks/Cocoa.framework/Versions/A/Cocoa
0x000000004e975000 	/System/Library/Frameworks/Security.framework/Versions/A/Security
0x000000004e975000 	/System/Library/Frameworks/ApplicationServices.framework/Versions/A/ApplicationServices
0x000000004e975000 	/usr/lib/libz.1.dylib
0x000000004e975000 	/usr/lib/libSystem.B.dylib
0x000000004e975000 	/usr/lib/libobjc.A.dylib
0x000000004e975000 	/System/Library/Frameworks/CoreFoundation.framework/Versions/A/CoreFoundation
0x000000004e975000 	/System/Library/Frameworks/Foundation.framework/Versions/C/Foundation
0x000000004e975000 	/System/Library/Frameworks/AppKit.framework/Versions/C/AppKit
0x000000004e975000 	/System/Library/Frameworks/CoreData.framework/Versions/A/CoreData
0x000000004e975000 	/System/Library/PrivateFrameworks/RemoteViewServices.framework/Versions/A/RemoteViewServices
0x000000004e975000 	/System/Library/PrivateFrameworks/UIFoundation.framework/Versions/A/UIFoundation
0x000000004e975000 	/usr/lib/libenergytrace.dylib
0x000000004e975000 	/System/Library/PrivateFrameworks/SkyLight.framework/Versions/A/SkyLight
0x000000004e975000 	/System/Library/Frameworks/CoreGraphics.framework/Versions/A/CoreGraphics
0x000000004e975000 	/usr/lib/libScreenReader.dylib
0x000000004e975000 	/System/Library/Frameworks/Accelerate.framework/Versions/A/Accelerate
0x000000004e975000 	/System/Library/Frameworks/IOSurface.framework/Versions/A/IOSurface
0x000000004e975000 	/System/Library/Frameworks/AudioToolbox.framework/Versions/A/AudioToolbox
0x000000004e975000 	/System/Library/Frameworks/AudioUnit.framework/Versions/A/AudioUnit
0x000000004e975000 	/System/Library/PrivateFrameworks/DataDetectorsCore.framework/Versions/A/DataDetectorsCore
0x000000004e975000 	/System/Library/PrivateFrameworks/DesktopServicesPriv.framework/Versions/A/DesktopServicesPriv
0x000000004e975000 	/System/Library/Frameworks/Carbon.framework/Versions/A/Frameworks/HIToolbox.framework/Versions/A/HIToolbox
0x000000004e975000 	/usr/lib/libicucore.A.dylib
0x000000004e975000 	/System/Library/Frameworks/QuartzCore.framework/Versions/A/QuartzCore
0x000000004e975000 	/System/Library/Frameworks/Carbon.framework/Versions/A/Frameworks/SpeechRecognition.framework/Versions/A/SpeechRecognition
0x000000004e975000 	/usr/lib/libauto.dylib
0x000000004e975000 	/usr/lib/libxml2.2.dylib
0x000000004e975000 	/System/Library/PrivateFrameworks/CoreUI.framework/Versions/A/CoreUI
0x000000004e975000 	/System/Library/Frameworks/CoreAudio.framework/Versions/A/CoreAudio
0x000000004e975000 	/System/Library/Frameworks/DiskArbitration.framework/Versions/A/DiskArbitration
0x000000004e975000 	/usr/lib/liblangid.dylib
0x000000004e975000 	/System/Library/PrivateFrameworks/MultitouchSupport.framework/Versions/A/MultitouchSupport
0x000000004e975000 	/System/Library/Frameworks/IOKit.framework/Versions/A/IOKit
0x000000004e975000 	/usr/lib/libDiagnosticMessagesClient.dylib
0x000000004e975000 	/System/Library/Frameworks/CoreServices.framework/Versions/A/CoreServices
0x000000004e975000 	/System/Library/PrivateFrameworks/PerformanceAnalysis.framework/Versions/A/PerformanceAnalysis
0x000000004e975000 	/System/Library/PrivateFrameworks/GenerationalStorage.framework/Versions/A/GenerationalStorage
0x000000004e975000 	/System/Library/Frameworks/OpenGL.framework/Versions/A/OpenGL
0x000000004e975000 	/System/Library/Frameworks/CoreImage.framework/Versions/A/CoreImage
0x000000004e975000 	/System/Library/Frameworks/CoreText.framework/Versions/A/CoreText
0x000000004e975000 	/System/Library/Frameworks/ImageIO.framework/Versions/A/ImageIO
0x000000004e975000 	/System/Library/PrivateFrameworks/Backup.framework/Versions/A/Backup
0x000000004e975000 	/usr/lib/libarchive.2.dylib
0x000000004e975000 	/System/Library/Frameworks/CFNetwork.framework/Versions/A/CFNetwork
0x000000004e975000 	/System/Library/Frameworks/SystemConfiguration.framework/Versions/A/SystemConfiguration
0x000000004e975000 	/usr/lib/libCRFSuite.dylib
0x000000004e975000 	/usr/lib/libc++.1.dylib
0x000000004e975000 	/usr/lib/libc++abi.dylib
0x000000004e975000 	/usr/lib/system/libcache.dylib
0x000000004e975000 	/usr/lib/system/libcommonCrypto.dylib
0x000000004e975000 	/usr/lib/system/libcompiler_rt.dylib
0x000000004e975000 	/usr/lib/system/libcopyfile.dylib
0x000000004e975000 	/usr/lib/system/libcorecrypto.dylib
0x000000004e975000 	/usr/lib/system/libdispatch.dylib
0x000000004e975000 	/usr/lib/system/libdyld.dylib
0x000000004e975000 	/usr/lib/system/libkeymgr.dylib
0x000000004e975000 	/usr/lib/system/liblaunch.dylib
0x000000004e975000 	/usr/lib/system/libmacho.dylib
0x000000004e975000 	/usr/lib/system/libquarantine.dylib
0x000000004e975000 	/usr/lib/system/libremovefile.dylib
0x000000004e975000 	/usr/lib/system/libsystem_asl.dylib
0x000000004e975000 	/usr/lib/system/libsystem_blocks.dylib
0x000000004e975000 	/usr/lib/system/libsystem_c.dylib
0x000000004e975000 	/usr/lib/system/libsystem_configuration.dylib
0x000000004e975000 	/usr/lib/system/libsystem_coreservices.dylib
0x000000004e975000 	/usr/lib/system/libsystem_coretls.dylib
0x000000004e975000 	/usr/lib/system/libsystem_dnssd.dylib
0x000000004e975000 	/usr/lib/system/libsystem_info.dylib
0x000000004e975000 	/usr/lib/system/libsystem_kernel.dylib
0x000000004e975000 	/usr/lib/system/libsystem_m.dylib
0x000000004e975000 	/usr/lib/system/libsystem_malloc.dylib
0x000000004e975000 	/usr/lib/system/libsystem_network.dylib
0x000000004e975000 	/usr/lib/system/libsystem_networkextension.dylib
0x000000004e975000 	/usr/lib/system/libsystem_notify.dylib
0x000000004e975000 	/usr/lib/system/libsystem_platform.dylib
0x000000004e975000 	/usr/lib/system/libsystem_pthread.dylib
0x000000004e975000 	/usr/lib/system/libsystem_sandbox.dylib
0x000000004e975000 	/usr/lib/system/libsystem_secinit.dylib
0x000000004e975000 	/usr/lib/system/libsystem_symptoms.dylib
0x000000004e975000 	/usr/lib/system/libsystem_trace.dylib
0x000000004e975000 	/usr/lib/system/libunwind.dylib
0x000000004e975000 	/usr/lib/system/libxpc.dylib
0x000000004e975000 	/usr/lib/libbsm.0.dylib
0x000000004e975000 	/usr/lib/system/libkxld.dylib
0x000000004e975000 	/usr/lib/libcoretls.dylib
0x000000004e975000 	/usr/lib/libcoretls_cfhelpers.dylib
0x000000004e975000 	/usr/lib/libxar.1.dylib
0x000000004e975000 	/usr/lib/libsqlite3.dylib
0x000000004e975000 	/usr/lib/libpam.2.dylib
0x000000004e975000 	/usr/lib/libOpenScriptingUtil.dylib
0x000000004e975000 	/usr/lib/libbz2.1.0.dylib
0x000000004e975000 	/usr/lib/liblzma.5.dylib
0x000000004e975000 	/usr/lib/libnetwork.dylib
0x000000004e975000 	/usr/lib/libpcap.A.dylib
0x000000004e975000 	/System/Library/Frameworks/CoreServices.framework/Versions/A/Frameworks/FSEvents.framework/Versions/A/FSEvents
0x000000004e975000 	/System/Library/Frameworks/CoreServices.framework/Versions/A/Frameworks/CarbonCore.framework/Versions/A/CarbonCore
0x000000004e975000 	/System/Library/Frameworks/CoreServices.framework/Versions/A/Frameworks/Metadata.framework/Versions/A/Metadata
0x000000004e975000 	/System/Library/Frameworks/CoreServices.framework/Versions/A/Frameworks/OSServices.framework/Versions/A/OSServices
0x000000004e975000 	/System/Library/Frameworks/CoreServices.framework/Versions/A/Frameworks/SearchKit.framework/Versions/A/SearchKit
0x000000004e975000 	/System/Library/Frameworks/CoreServices.framework/Versions/A/Frameworks/AE.framework/Versions/A/AE
0x000000004e975000 	/System/Library/Frameworks/CoreServices.framework/Versions/A/Frameworks/LaunchServices.framework/Versions/A/LaunchServices
0x000000004e975000 	/System/Library/Frameworks/CoreServices.framework/Versions/A/Frameworks/DictionaryServices.framework/Versions/A/DictionaryServices
0x000000004e975000 	/System/Library/Frameworks/CoreServices.framework/Versions/A/Frameworks/SharedFileList.framework/Versions/A/SharedFileList
0x000000004e975000 	/System/Library/Frameworks/NetFS.framework/Versions/A/NetFS
0x000000004e975000 	/System/Library/PrivateFrameworks/NetAuth.framework/Versions/A/NetAuth
0x000000004e975000 	/System/Library/PrivateFrameworks/login.framework/Versions/A/Frameworks/loginsupport.framework/Versions/A/loginsupport
0x000000004e975000 	/System/Library/PrivateFrameworks/TCC.framework/Versions/A/TCC
0x000000004e975000 	/usr/lib/libmecabra.dylib
0x000000004e975000 	/System/Library/Frameworks/ApplicationServices.framework/Versions/A/Frameworks/ATS.framework/Versions/A/ATS
0x000000004e975000 	/System/Library/Frameworks/ApplicationServices.framework/Versions/A/Frameworks/ColorSync.framework/Versions/A/ColorSync
0x000000004e975000 	/System/Library/Frameworks/ApplicationServices.framework/Versions/A/Frameworks/HIServices.framework/Versions/A/HIServices
0x000000004e975000 	/System/Library/Frameworks/ApplicationServices.framework/Versions/A/Frameworks/LangAnalysis.framework/Versions/A/LangAnalysis
0x000000004e975000 	/System/Library/Frameworks/ApplicationServices.framework/Versions/A/Frameworks/PrintCore.framework/Versions/A/PrintCore
0x000000004e975000 	/System/Library/Frameworks/ApplicationServices.framework/Versions/A/Frameworks/QD.framework/Versions/A/QD
0x000000004e975000 	/System/Library/Frameworks/ApplicationServices.framework/Versions/A/Frameworks/SpeechSynthesis.framework/Versions/A/SpeechSynthesis
0x000000004e975000 	/System/Library/Frameworks/Accelerate.framework/Versions/A/Frameworks/vImage.framework/Versions/A/vImage
0x000000004e975000 	/System/Library/Frameworks/Accelerate.framework/Versions/A/Frameworks/vecLib.framework/Versions/A/vecLib
0x000000004e975000 	/System/Library/Frameworks/Accelerate.framework/Versions/A/Frameworks/vecLib.framework/Versions/A/libvDSP.dylib
0x000000004e975000 	/System/Library/Frameworks/Accelerate.framework/Versions/A/Frameworks/vecLib.framework/Versions/A/libBNNS.dylib
0x000000004e975000 	/System/Library/Frameworks/Accelerate.framework/Versions/A/Frameworks/vecLib.framework/Versions/A/libQuadrature.dylib
0x000000004e975000 	/System/Library/Frameworks/Accelerate.framework/Versions/A/Frameworks/vecLib.framework/Versions/A/libvMisc.dylib
0x000000004e975000 	/System/Library/Frameworks/Accelerate.framework/Versions/A/Frameworks/vecLib.framework/Versions/A/libLAPACK.dylib
0x000000004e975000 	/System/Library/Frameworks/Accelerate.framework/Versions/A/Frameworks/vecLib.framework/Versions/A/libBLAS.dylib
0x000000004e975000 	/System/Library/Frameworks/Accelerate.framework/Versions/A/Frameworks/vecLib.framework/Versions/A/libLinearAlgebra.dylib
0x000000004e975000 	/System/Library/Frameworks/Accelerate.framework/Versions/A/Frameworks/vecLib.framework/Versions/A/libSparseBLAS.dylib
0x000000004e975000 	/System/Library/Frameworks/ApplicationServices.framework/Versions/A/Frameworks/ATS.framework/Versions/A/Resources/libFontParser.dylib
0x000000004e975000 	/System/Library/Frameworks/ApplicationServices.framework/Versions/A/Frameworks/ATS.framework/Versions/A/Resources/libFontRegistry.dylib
0x000000004e975000 	/System/Library/Frameworks/ImageIO.framework/Versions/A/Resources/libJPEG.dylib
0x000000004e975000 	/System/Library/Frameworks/ImageIO.framework/Versions/A/Resources/libTIFF.dylib
0x000000004e975000 	/System/Library/Frameworks/ImageIO.framework/Versions/A/Resources/libPng.dylib
0x000000004e975000 	/System/Library/Frameworks/ImageIO.framework/Versions/A/Resources/libGIF.dylib
0x000000004e975000 	/System/Library/Frameworks/ImageIO.framework/Versions/A/Resources/libJP2.dylib
0x000000004e975000 	/System/Library/Frameworks/ImageIO.framework/Versions/A/Resources/libRadiance.dylib
0x000000004e975000 	/usr/lib/libcompression.dylib
0x000000004e975000 	/System/Library/PrivateFrameworks/AppleJPEG.framework/Versions/A/AppleJPEG
0x000000004e975000 	/usr/lib/libcups.2.dylib
0x000000004e975000 	/System/Library/Frameworks/Kerberos.framework/Versions/A/Kerberos
0x000000004e975000 	/System/Library/Frameworks/GSS.framework/Versions/A/GSS
0x000000004e975000 	/usr/lib/libresolv.9.dylib
0x000000004e975000 	/usr/lib/libiconv.2.dylib
0x000000004e975000 	/System/Library/PrivateFrameworks/Heimdal.framework/Versions/A/Heimdal
0x000000004e975000 	/usr/lib/libheimdal-asn1.dylib
0x000000004e975000 	/System/Library/Frameworks/OpenDirectory.framework/Versions/A/OpenDirectory
0x000000004e975000 	/System/Library/PrivateFrameworks/CommonAuth.framework/Versions/A/CommonAuth
0x000000004e975000 	/System/Library/Frameworks/OpenDirectory.framework/Versions/A/Frameworks/CFOpenDirectory.framework/Versions/A/CFOpenDirectory
0x000000004e975000 	/System/Library/Frameworks/SecurityFoundation.framework/Versions/A/SecurityFoundation
0x000000004e975000 	/System/Library/PrivateFrameworks/LanguageModeling.framework/Versions/A/LanguageModeling
0x000000004e975000 	/usr/lib/libmarisa.dylib
0x000000004e975000 	/usr/lib/libChineseTokenizer.dylib
0x000000004e975000 	/usr/lib/libcmph.dylib
0x000000004e975000 	/System/Library/PrivateFrameworks/CoreEmoji.framework/Versions/A/CoreEmoji
0x000000004e975000 	/System/Library/Frameworks/ServiceManagement.framework/Versions/A/ServiceManagement
0x000000004e975000 	/usr/lib/libxslt.1.dylib
0x000000004e975000 	/System/Library/Frameworks/Carbon.framework/Versions/A/Frameworks/Ink.framework/Versions/A/Ink
0x000000004e975000 	/System/Library/PrivateFrameworks/TextureIO.framework/Versions/A/TextureIO
0x000000004e975000 	/System/Library/Frameworks/Metal.framework/Versions/A/Metal
0x000000004e975000 	/usr/lib/libate.dylib
0x000000004e975000 	/System/Library/PrivateFrameworks/GPUCompiler.framework/libmetal_timestamp.dylib
0x000000004e975000 	/System/Library/Frameworks/OpenGL.framework/Versions/A/Libraries/libCoreFSCache.dylib
0x000000004e975000 	/System/Library/PrivateFrameworks/IOAccelerator.framework/Versions/A/IOAccelerator
0x000000004e975000 	/System/Library/Frameworks/CoreVideo.framework/Versions/A/CoreVideo
0x000000004e975000 	/usr/lib/libFosl_dynamic.dylib
0x000000004e975000 	/System/Library/PrivateFrameworks/MetalPerformanceShaders.framework/Versions/A/MetalPerformanceShaders
0x000000004e975000 	/System/Library/PrivateFrameworks/FaceCore.framework/Versions/A/FaceCore
0x000000004e975000 	/System/Library/Frameworks/OpenCL.framework/Versions/A/OpenCL
0x000000004e975000 	/System/Library/Frameworks/OpenGL.framework/Versions/A/Libraries/libGLU.dylib
0x000000004e975000 	/System/Library/Frameworks/OpenGL.framework/Versions/A/Libraries/libGFXShared.dylib
0x000000004e975000 	/System/Library/Frameworks/OpenGL.framework/Versions/A/Libraries/libGL.dylib
0x000000004e975000 	/System/Library/Frameworks/OpenGL.framework/Versions/A/Libraries/libGLImage.dylib
0x000000004e975000 	/System/Library/Frameworks/OpenGL.framework/Versions/A/Libraries/libCVMSPluginSupport.dylib
0x000000004e975000 	/System/Library/Frameworks/OpenGL.framework/Versions/A/Libraries/libCoreVMClient.dylib
0x000000004e975000 	/System/Library/PrivateFrameworks/CrashReporterSupport.framework/Versions/A/CrashReporterSupport
0x000000004e975000 	/System/Library/PrivateFrameworks/Sharing.framework/Versions/A/Sharing
0x000000004e975000 	/System/Library/PrivateFrameworks/IconServices.framework/Versions/A/IconServices
0x000000004e975000 	/System/Library/PrivateFrameworks/ProtocolBuffer.framework/Versions/A/ProtocolBuffer
0x000000004e975000 	/System/Library/PrivateFrameworks/Apple80211.framework/Versions/A/Apple80211
0x000000004e975000 	/System/Library/Frameworks/CoreWLAN.framework/Versions/A/CoreWLAN
0x000000004e975000 	/System/Library/PrivateFrameworks/CoreUtils.framework/Versions/A/CoreUtils
0x000000004e975000 	/System/Library/Frameworks/IOBluetooth.framework/Versions/A/IOBluetooth
0x000000004e975000 	/System/Library/PrivateFrameworks/CoreWiFi.framework/Versions/A/CoreWiFi
0x000000004e975000 	/System/Library/Frameworks/CoreBluetooth.framework/Versions/A/CoreBluetooth
0x000000004e975000 	/System/Library/Frameworks/CoreDisplay.framework/Versions/A/CoreDisplay
0x000000004e975000 	/System/Library/PrivateFrameworks/IOPresentment.framework/Versions/A/IOPresentment
0x000000004e975000 	/System/Library/PrivateFrameworks/DebugSymbols.framework/Versions/A/DebugSymbols
0x000000004e975000 	/System/Library/PrivateFrameworks/CoreSymbolication.framework/Versions/A/CoreSymbolication
0x000000004e975000 	/System/Library/PrivateFrameworks/Symbolication.framework/Versions/A/Symbolication
0x000000004e975000 	/System/Library/PrivateFrameworks/AppleFSCompression.framework/Versions/A/AppleFSCompression
0x000000004e975000 	/System/Library/PrivateFrameworks/SpeechRecognitionCore.framework/Versions/A/SpeechRecognitionCore
0x000000004e975000 	/System/Library/PrivateFrameworks/ChunkingLibrary.framework/Versions/A/ChunkingLibrary
0x0000000107e00000 	/Library/Java/JavaVirtualMachines/jdk1.8.0_45.jdk/Contents/Home/jre/lib/server/libjvm.dylib
0x000000004e975000 	/usr/lib/libstdc++.6.dylib
0x0000000107492000 	/Library/Java/JavaVirtualMachines/jdk1.8.0_45.jdk/Contents/Home/jre/lib/libverify.dylib
0x00000001074a0000 	/Library/Java/JavaVirtualMachines/jdk1.8.0_45.jdk/Contents/Home/jre/lib/libjava.dylib
0x00000001074df000 	/Library/Java/JavaVirtualMachines/jdk1.8.0_45.jdk/Contents/Home/jre/lib/libzip.dylib
0x00000001075e5000 	/System/Library/Frameworks/JavaVM.framework/Frameworks/JavaRuntimeSupport.framework/JavaRuntimeSupport
0x000000010f5cf000 	/System/Library/Frameworks/JavaVM.framework/Versions/A/Frameworks/JavaNativeFoundation.framework/Versions/A/JavaNativeFoundation
0x000000010f5e4000 	/System/Library/Frameworks/JavaVM.framework/Versions/A/JavaVM
0x000000004e975000 	/System/Library/Frameworks/Carbon.framework/Versions/A/Carbon
0x000000010f5f1000 	/System/Library/PrivateFrameworks/JavaLaunching.framework/Versions/A/JavaLaunching
0x000000004e975000 	/System/Library/Frameworks/Carbon.framework/Versions/A/Frameworks/CommonPanels.framework/Versions/A/CommonPanels
0x000000004e975000 	/System/Library/Frameworks/Carbon.framework/Versions/A/Frameworks/Help.framework/Versions/A/Help
0x000000004e975000 	/System/Library/Frameworks/Carbon.framework/Versions/A/Frameworks/ImageCapture.framework/Versions/A/ImageCapture
0x000000004e975000 	/System/Library/Frameworks/Carbon.framework/Versions/A/Frameworks/OpenScripting.framework/Versions/A/OpenScripting
0x000000004e975000 	/System/Library/Frameworks/Carbon.framework/Versions/A/Frameworks/Print.framework/Versions/A/Print
0x000000004e975000 	/System/Library/Frameworks/Carbon.framework/Versions/A/Frameworks/SecurityHI.framework/Versions/A/SecurityHI
0x0000000110f93000 	/Library/Java/JavaVirtualMachines/jdk1.8.0_45.jdk/Contents/Home/jre/lib/libprism_es2.dylib
0x000000004e975000 	/System/Library/Frameworks/OpenGL.framework/Versions/A/Resources/GLEngine.bundle/GLEngine
0x000000004e975000 	/System/Library/Frameworks/OpenGL.framework/Versions/A/Libraries/libGLProgrammability.dylib
0x0000000110ff8000 	/System/Library/Extensions/AppleIntelHD4000GraphicsGLDriver.bundle/Contents/MacOS/AppleIntelHD4000GraphicsGLDriver
0x000000004e975000 	/System/Library/PrivateFrameworks/GPUSupport.framework/Versions/A/Libraries/libGPUSupportMercury.dylib
0x000000004e975000 	/System/Library/Frameworks/OpenGL.framework/Versions/A/Resources/GLRendererFloat.bundle/GLRendererFloat
0x000000004e975000 	/System/Library/Frameworks/OpenCL.framework/Versions/A/Libraries/libcldcpuengine.dylib
0x000000004e975000 	/usr/lib/libcrypto.0.9.8.dylib
0x000000004e975000 	/System/Library/PrivateFrameworks/TrustEvaluationAgent.framework/Versions/A/TrustEvaluationAgent
0x0000000111aed000 	/Library/Java/JavaVirtualMachines/jdk1.8.0_45.jdk/Contents/Home/jre/lib/libglass.dylib
0x000000004e975000 	/System/Library/PrivateFrameworks/CoreServicesInternal.framework/Versions/A/CoreServicesInternal
0x000000004e975000 	/System/Library/CoreServices/RawCamera.bundle/Contents/MacOS/RawCamera
0x000000004e975000 	/System/Library/Frameworks/Accelerate.framework/Versions/A/Frameworks/vImage.framework/Versions/A/Libraries/libCGInterfaces.dylib
0x000000004e975000 	/System/Library/PrivateFrameworks/FamilyControls.framework/Versions/A/FamilyControls
0x000000004e975000 	/System/Library/PrivateFrameworks/CommerceKit.framework/Versions/A/Frameworks/CommerceCore.framework/Versions/A/CommerceCore
0x000000004e975000 	/System/Library/PrivateFrameworks/SystemAdministration.framework/Versions/A/SystemAdministration
0x000000004e975000 	/System/Library/PrivateFrameworks/AppContainer.framework/Versions/A/AppContainer
0x000000004e975000 	/System/Library/PrivateFrameworks/SecCodeWrapper.framework/Versions/A/SecCodeWrapper
0x000000004e975000 	/System/Library/Frameworks/DirectoryService.framework/Versions/A/DirectoryService
0x000000004e975000 	/System/Library/PrivateFrameworks/DiskImages.framework/Versions/A/DiskImages
0x000000004e975000 	/System/Library/PrivateFrameworks/LoginUIKit.framework/Versions/A/Frameworks/LoginUICore.framework/Versions/A/LoginUICore
0x000000004e975000 	/usr/lib/libCoreStorage.dylib
0x000000004e975000 	/usr/lib/libcsfde.dylib
0x000000004e975000 	/usr/lib/libodfde.dylib
0x000000004e975000 	/System/Library/Frameworks/DiscRecording.framework/Versions/A/DiscRecording
0x000000004e975000 	/usr/lib/libcurl.4.dylib
0x000000004e975000 	/System/Library/PrivateFrameworks/MediaKit.framework/Versions/A/MediaKit
0x000000004e975000 	/System/Library/PrivateFrameworks/ProtectedCloudStorage.framework/Versions/A/ProtectedCloudStorage
0x000000004e975000 	/System/Library/PrivateFrameworks/EFILogin.framework/Versions/A/EFILogin
0x000000004e975000 	/usr/lib/libutil.dylib
0x000000004e975000 	/System/Library/Frameworks/LDAP.framework/Versions/A/LDAP
0x000000004e975000 	/usr/lib/libsasl2.2.dylib
0x000000004e975000 	/System/Library/PrivateFrameworks/CoreDaemon.framework/Versions/B/CoreDaemon
0x000000004e975000 	/System/Library/PrivateFrameworks/AppleSRP.framework/Versions/A/AppleSRP
0x000000004e975000 	/System/Library/PrivateFrameworks/APFS.framework/Versions/A/APFS
0x0000000123e1d000 	/Library/Java/JavaVirtualMachines/jdk1.8.0_45.jdk/Contents/Home/jre/lib/libjavafx_font.dylib
0x000000004e975000 	/System/Library/Frameworks/ApplicationServices.framework/Versions/A/Frameworks/ATS.framework/Versions/A/Resources/libTrueTypeScaler.dylib
0x00000001241d5000 	/Library/Java/JavaVirtualMachines/jdk1.8.0_45.jdk/Contents/Home/jre/lib/libnio.dylib
0x00000001241e5000 	/Library/Java/JavaVirtualMachines/jdk1.8.0_45.jdk/Contents/Home/jre/lib/./libnet.dylib
0x0000000124917000 	/Library/Java/JavaVirtualMachines/jdk1.8.0_45.jdk/Contents/Home/jre/lib/libprism_common.dylib
0x0000000126f73000 	/System/Library/Extensions/AppleIntelHD4000GraphicsMTLDriver.bundle/Contents/MacOS/AppleIntelHD4000GraphicsMTLDriver
0x000000004e975000 	/System/Library/PrivateFrameworks/ViewBridge.framework/Versions/A/ViewBridge
0x000000004e975000 	/System/Library/PrivateFrameworks/XPCService.framework/Versions/A/XPCService
0x000000004e975000 	/System/Library/PrivateFrameworks/AppSandbox.framework/Versions/A/AppSandbox
0x000000004e975000 	/usr/lib/libsandbox.1.dylib
0x000000004e975000 	/usr/lib/libMatch.1.dylib

VM Arguments:
jvm_args: -Dfile.encoding=UTF-8 
java_command: application.Main
java_class_path (initial): /Users/tarekmorshed/Dropbox/My Projects/iClinic/Clinic/bin:/Users/tarekmorshed/.p2/pool/plugins/org.eclipse.fx.ide.css.jfx8_2.4.0.201605112122.jar:/Users/tarekmorshed/Dropbox/My Projects/iClinic/FrontDesk/json-simple-1.1.1.jar
Launcher Type: SUN_STANDARD

Environment Variables:
PATH=/usr/bin:/bin:/usr/sbin:/sbin
SHELL=/bin/bash

Signal Handlers:
SIGSEGV: [libjvm.dylib+0x58ef95], sa_mask[0]=11111111011111110111111111111111, sa_flags=SA_ONSTACK|SA_RESTART|SA_SIGINFO
SIGBUS: [libjvm.dylib+0x58ef95], sa_mask[0]=11111111011111110111111111111111, sa_flags=SA_RESTART|SA_SIGINFO
SIGFPE: [libjvm.dylib+0x46c108], sa_mask[0]=11111111011111110111111111111111, sa_flags=SA_RESTART|SA_SIGINFO
SIGPIPE: [libjvm.dylib+0x46c108], sa_mask[0]=11111111011111110111111111111111, sa_flags=SA_RESTART|SA_SIGINFO
SIGXFSZ: [libjvm.dylib+0x46c108], sa_mask[0]=11111111011111110111111111111111, sa_flags=SA_RESTART|SA_SIGINFO
SIGILL: [libjvm.dylib+0x46c108], sa_mask[0]=11111111011111110111111111111111, sa_flags=SA_RESTART|SA_SIGINFO
SIGUSR1: SIG_DFL, sa_mask[0]=00000000000000000000000000000000, sa_flags=none
SIGUSR2: [libjvm.dylib+0x46bc26], sa_mask[0]=00100000000000000000000000000000, sa_flags=SA_RESTART|SA_SIGINFO
SIGHUP: [libjvm.dylib+0x46a1f9], sa_mask[0]=11111111011111110111111111111111, sa_flags=SA_RESTART|SA_SIGINFO
SIGINT: [libjvm.dylib+0x46a1f9], sa_mask[0]=11111111011111110111111111111111, sa_flags=SA_RESTART|SA_SIGINFO
SIGTERM: [libjvm.dylib+0x46a1f9], sa_mask[0]=11111111011111110111111111111111, sa_flags=SA_RESTART|SA_SIGINFO
SIGQUIT: [libjvm.dylib+0x46a1f9], sa_mask[0]=11111111011111110111111111111111, sa_flags=SA_RESTART|SA_SIGINFO


---------------  S Y S T E M  ---------------

OS:Bsduname:Darwin 16.0.0 Darwin Kernel Version 16.0.0: Mon Aug 29 17:56:20 PDT 2016; root:xnu-3789.1.32~3/RELEASE_X86_64 x86_64
rlimit: STACK 8192k, CORE 0k, NPROC 709, NOFILE 10240, AS infinity
load average:1.91 2.58 4.80

CPU:total 4 (2 cores per cpu, 2 threads per core) family 6 model 58 stepping 9, cmov, cx8, fxsr, mmx, sse, sse2, sse3, ssse3, sse4.1, sse4.2, popcnt, avx, aes, clmul, erms, ht, tsc, tscinvbit, tscinv

Memory: 4k page, physical 8388608k(203592k free)

/proc/meminfo:


vm_info: Java HotSpot(TM) 64-Bit Server VM (25.45-b02) for bsd-amd64 JRE (1.8.0_45-b14), built on Apr 10 2015 10:46:38 by "java_re" with gcc 4.2.1 (Based on Apple Inc. build 5658) (LLVM build 2336.11.00)

time: Fri Dec 30 11:55:15 2016
elapsed time: 969 seconds (0d 0h 16m 9s)

